#
# A fatal error has been detected by the Java Runtime Environment:
#
#  EXCEPTION_ACCESS_VIOLATION (0xc0000005) at pc=0x00007ffd29b516f0, pid=4888, tid=68880
#
# JRE version: Java(TM) SE Runtime Environment (13.0+33) (build 13+33)
# Java VM: Java HotSpot(TM) 64-Bit Server VM (13+33, mixed mode, sharing, tiered, compressed oops, g1 gc, windows-amd64)
# Problematic frame:
# C  [ig9icd64.dll+0x1516f0]
#
# No core dump will be written. Minidumps are not enabled by default on client versions of Windows
#
# If you would like to submit a bug report, please visit:
#   http://bugreport.java.com/bugreport/crash.jsp
# The crash happened outside the Java Virtual Machine in native code.
# See problematic frame for where to report the bug.
#

---------------  S U M M A R Y ------------

Command Line: -Djava.library.path=C:\Users\amazi\Documents\Java libraries\j3d-1_5_2-windows-amd64\j3d-1_5_2-windows-amd64\j3d-jre\bin -javaagent:C:\Users\amazi\AppData\Local\JetBrains\Toolbox\apps\IDEA-C\ch-0\193.6911.18\lib\idea_rt.jar=62171:C:\Users\amazi\AppData\Local\JetBrains\Toolbox\apps\IDEA-C\ch-0\193.6911.18\bin -Dfile.encoding=UTF-8 com.company.ThreeDimensionSystem

Host: Intel(R) Core(TM) i7-8750H CPU @ 2.20GHz, 12 cores, 15G,  Windows 10 , 64 bit Build 18362 (10.0.18362.778)
Time: Mon May 18 21:45:48 2020 Mitteleuropäische Sommerzeit elapsed time: 23 seconds (0d 0h 0m 23s)

---------------  T H R E A D  ---------------

Current thread (0x00000181a0995000):  JavaThread "J3D-Renderer-1" [_thread_in_native, id=68880, stack(0x00000027f7200000,0x00000027f7300000)]

Stack: [0x00000027f7200000,0x00000027f7300000],  sp=0x00000027f72fda30,  free space=1014k
Native frames: (J=compiled Java code, j=interpreted, Vv=VM code, C=native code)
C  [ig9icd64.dll+0x1516f0]

Java frames: (J=compiled Java code, j=interpreted, Vv=VM code)
j  javax.media.j3d.NativePipeline.swapBuffers(Ljavax/media/j3d/Canvas3D;JJJ)I+0
j  javax.media.j3d.NativePipeline.swapBuffers(Ljavax/media/j3d/Canvas3D;Ljavax/media/j3d/Context;JLjavax/media/j3d/Drawable;)I+14
J 1359 c1 javax.media.j3d.Renderer.doWork(J)V (6488 bytes) @ 0x0000018188ca397c [0x0000018188ca2660+0x000000000000131c]
j  javax.media.j3d.J3dThread.run()V+19
v  ~StubRoutines::call_stub

siginfo: EXCEPTION_ACCESS_VIOLATION (0xc0000005), reading address 0x00000181abcd6000


Register to memory mapping:

RIP=0x00007ffd29b516f0 ig9icd64.dll
RAX=0x0000000000000008 is an unknown value
RBX=0x00000027f72fdb20 is pointing into the stack for thread: 0x00000181a0995000
RCX=0x0 is NULL
RDX=0x00000181abcd5fa0 points into unknown readable memory: 00 00 00 00 00 00 00 00
RSP=0x00000027f72fda30 is pointing into the stack for thread: 0x00000181a0995000
RBP=0x000000000000003a is an unknown value
RSI=0x00000181b3aab800 points into unknown readable memory: 00 00 00 00 00 00 00 00
RDI=0x00000181b3aabc00 points into unknown readable memory: 00 00 00 00 00 00 00 00
R8 =0x00000000000004cc is an unknown value
R9 =0x0000000000000009 is an unknown value
R10=0x0000000000000009 is an unknown value
R11=0x00000181aa1eba64 points into unknown readable memory: 00 00 00 00
R12=0x0 is NULL
R13=0x00000027f72fdcb0 is pointing into the stack for thread: 0x00000181a0995000
R14=0x00000000000004cc is an unknown value
R15=0x00000000000001c1 is an unknown value


Registers:
RAX=0x0000000000000008, RBX=0x00000027f72fdb20, RCX=0x0000000000000000, RDX=0x00000181abcd5fa0
RSP=0x00000027f72fda30, RBP=0x000000000000003a, RSI=0x00000181b3aab800, RDI=0x00000181b3aabc00
R8 =0x00000000000004cc, R9 =0x0000000000000009, R10=0x0000000000000009, R11=0x00000181aa1eba64
R12=0x0000000000000000, R13=0x00000027f72fdcb0, R14=0x00000000000004cc, R15=0x00000000000001c1
RIP=0x00007ffd29b516f0, EFLAGS=0x0000000000010207

Top of Stack: (sp=0x00000027f72fda30)
0x00000027f72fda30:   0000000000000000 0000000000000000
0x00000027f72fda40:   0000000000000000 0000000000000000
0x00000027f72fda50:   00000181abcd5ba0 00007ffd29eee7a0
0x00000027f72fda60:   0000013300000293 00000181abc10440
0x00000027f72fda70:   00007ffd29eee3d0 00000027f72fdcb0
0x00000027f72fda80:   0000000000000000 00007ffd29ef106d
0x00000027f72fda90:   00000027f72fdb90 00000027f72fdc70
0x00000027f72fdaa0:   00000181b39f0000 00007ffd29eef6e0
0x00000027f72fdab0:   c00066c040000059 0000000000000001
0x00000027f72fdac0:   00000181abc10440 0000000100000200
0x00000027f72fdad0:   0000000000000000 00007ffd29a2076b
0x00000027f72fdae0:   00000181aab71060 0000000000000001
0x00000027f72fdaf0:   00000181a097ac40 0000000000000001
0x00000027f72fdb00:   0000000000000000 0000000000000000
0x00000027f72fdb10:   00000000f72fdb00 00000181a0443d60
0x00000027f72fdb20:   00007ffd2a44bab0 00000181aa1d2d80 

Instructions: (pc=0x00007ffd29b516f0)
0x00007ffd29b515f0:   8b c1 44 8b d1 4c 2b c0 0f 29 74 24 10 4d 8b c8
0x00007ffd29b51600:   0f 29 3c 24 49 c1 e9 07 f6 c2 0f 0f 84 af 00 00
0x00007ffd29b51610:   00 4d 85 c9 74 6b 66 66 0f 1f 84 00 00 00 00 00
0x00007ffd29b51620:   f3 0f 6f 3a 41 ff c2 f3 0f 6f 72 10 41 8b c2 f3
0x00007ffd29b51630:   0f 6f 6a 20 f3 0f 6f 62 30 f3 0f 6f 5a 40 f3 0f
0x00007ffd29b51640:   6f 52 50 f3 0f 6f 4a 60 f3 0f 6f 42 70 66 0f e7
0x00007ffd29b51650:   3f 66 0f e7 77 10 66 0f e7 6f 20 66 0f e7 67 30
0x00007ffd29b51660:   66 0f e7 5f 40 66 0f e7 57 50 66 0f e7 4f 60 66
0x00007ffd29b51670:   0f e7 47 70 48 83 ef 80 48 83 ea 80 49 3b c1 72
0x00007ffd29b51680:   9f 41 83 e0 7f 0f 84 e0 00 00 00 45 8b d0 44 8b
0x00007ffd29b51690:   c9 49 c1 ea 04 4d 85 d2 0f 84 cd 00 00 00 66 90
0x00007ffd29b516a0:   f3 0f 6f 02 41 ff c1 48 83 c2 10 41 8b c1 66 0f
0x00007ffd29b516b0:   e7 07 48 83 c7 10 49 3b c2 72 e5 e9 ab 00 00 00
0x00007ffd29b516c0:   4d 85 c9 74 6c 66 66 66 0f 1f 84 00 00 00 00 00
0x00007ffd29b516d0:   f3 0f 6f 3a 41 ff c2 f3 0f 6f 72 10 f3 0f 6f 6a
0x00007ffd29b516e0:   20 f3 0f 6f 62 30 f3 0f 6f 5a 40 f3 0f 6f 52 50
0x00007ffd29b516f0:   f3 0f 6f 4a 60 f3 0f 6f 42 70 48 83 ea 80 66 0f
0x00007ffd29b51700:   e7 3f 66 0f e7 77 10 66 0f e7 6f 20 66 0f e7 67
0x00007ffd29b51710:   30 66 0f e7 5f 40 66 0f e7 57 50 66 0f e7 4f 60
0x00007ffd29b51720:   66 0f e7 47 70 48 83 ef 80 41 8b c2 49 3b c1 72
0x00007ffd29b51730:   9f 41 83 e0 7f 74 34 45 8b d0 44 8b c9 49 c1 ea
0x00007ffd29b51740:   04 4d 85 d2 74 25 66 66 0f 1f 84 00 00 00 00 00
0x00007ffd29b51750:   f3 0f 6f 02 41 ff c1 66 0f e7 07 48 83 c7 10 41
0x00007ffd29b51760:   8b c1 48 83 c2 10 49 3b c2 72 e5 0f 28 74 24 10
0x00007ffd29b51770:   0f 28 3c 24 41 83 e0 0f 74 49 45 8b d0 44 8b c9
0x00007ffd29b51780:   49 c1 ea 02 4d 85 d2 74 1e 0f 1f 80 00 00 00 00
0x00007ffd29b51790:   8b 02 41 ff c1 89 07 48 83 c2 04 48 83 c7 04 41
0x00007ffd29b517a0:   8b c1 49 3b c2 72 e9 41 83 e0 03 76 16 48 2b d7
0x00007ffd29b517b0:   0f b6 04 3a ff c1 88 07 48 8d 7f 01 8b c1 49 3b
0x00007ffd29b517c0:   c0 72 ed 48 83 c4 20 5f c3 cc cc cc cc cc cc cc
0x00007ffd29b517d0:   8b 01 83 c0 f2 83 f8 1a 77 7f 4c 8d 05 1f e8 ea
0x00007ffd29b517e0:   ff 48 98 41 0f b6 84 00 80 18 15 00 41 8b 94 80 


Stack slot to memory mapping:
stack at sp + 0 slots: 0x0 is NULL
stack at sp + 1 slots: 0x0 is NULL
stack at sp + 2 slots: 0x0 is NULL
stack at sp + 3 slots: 0x0 is NULL
stack at sp + 4 slots: 0x00000181abcd5ba0 points into unknown readable memory: 00 00 00 00 00 00 00 00
stack at sp + 5 slots: 0x00007ffd29eee7a0 ig9icd64.dll
stack at sp + 6 slots: 0x0000013300000293 is an unknown value
stack at sp + 7 slots: 0x00000181abc10440 points into unknown readable memory: 00 00 00 00 00 00 00 00


---------------  P R O C E S S  ---------------

Threads class SMR info:
_java_thread_list=0x00000181a0c1e650, length=29, elements={
0x000001819f954000, 0x000001819f957000, 0x000001819f95d800, 0x00000181a01ee000,
0x00000181a01f0000, 0x00000181a01f1000, 0x00000181a0203000, 0x000001819f93a000,
0x00000181a04e9000, 0x00000181a04e9800, 0x00000181a07e0000, 0x00000181a075f000,
0x00000181a0760000, 0x00000181a08f9800, 0x00000181a08fa000, 0x00000181a0a5b800,
0x00000181a096f800, 0x00000181a0995000, 0x00000181a0b98800, 0x00000181a0b99000,
0x00000181a0b9a000, 0x00000181a0b9a800, 0x00000181a9e4b000, 0x00000181a9e50000,
0x00000181a9e4c000, 0x00000181a9e4a800, 0x00000181a9e4d800, 0x00000181a9e4c800,
0x00000181a9e54000
}

Java Threads: ( => current thread )
  0x000001819f954000 JavaThread "Reference Handler" daemon [_thread_blocked, id=18660, stack(0x00000027f6000000,0x00000027f6100000)]
  0x000001819f957000 JavaThread "Finalizer" daemon [_thread_blocked, id=63612, stack(0x00000027f6100000,0x00000027f6200000)]
  0x000001819f95d800 JavaThread "Signal Dispatcher" daemon [_thread_blocked, id=37760, stack(0x00000027f6200000,0x00000027f6300000)]
  0x00000181a01ee000 JavaThread "Attach Listener" daemon [_thread_blocked, id=53824, stack(0x00000027f6300000,0x00000027f6400000)]
  0x00000181a01f0000 JavaThread "C2 CompilerThread0" daemon [_thread_blocked, id=54952, stack(0x00000027f6400000,0x00000027f6500000)]
  0x00000181a01f1000 JavaThread "C1 CompilerThread0" daemon [_thread_blocked, id=62644, stack(0x00000027f6500000,0x00000027f6600000)]
  0x00000181a0203000 JavaThread "Sweeper thread" daemon [_thread_blocked, id=67852, stack(0x00000027f6600000,0x00000027f6700000)]
  0x000001819f93a000 JavaThread "Common-Cleaner" daemon [_thread_blocked, id=68884, stack(0x00000027f6700000,0x00000027f6800000)]
  0x00000181a04e9000 JavaThread "Monitor Ctrl-Break" daemon [_thread_in_native, id=67520, stack(0x00000027f6900000,0x00000027f6a00000)]
  0x00000181a04e9800 JavaThread "Service Thread" daemon [_thread_blocked, id=68896, stack(0x00000027f6a00000,0x00000027f6b00000)]
  0x00000181a07e0000 JavaThread "Java2D Disposer" daemon [_thread_blocked, id=68068, stack(0x00000027f6c00000,0x00000027f6d00000)]
  0x00000181a075f000 JavaThread "AWT-Shutdown" [_thread_blocked, id=68868, stack(0x00000027f6d00000,0x00000027f6e00000)]
  0x00000181a0760000 JavaThread "AWT-Windows" daemon [_thread_in_native, id=68912, stack(0x00000027f6e00000,0x00000027f6f00000)]
  0x00000181a08f9800 JavaThread "J3D-RenderingAttributesStructureUpdateThread" [_thread_blocked, id=68920, stack(0x00000027f6800000,0x00000027f6900000)]
  0x00000181a08fa000 JavaThread "J3D-TimerThread" [_thread_blocked, id=45096, stack(0x00000027f6f00000,0x00000027f7000000)]
  0x00000181a0a5b800 JavaThread "J3D-NotificationThread" [_thread_blocked, id=67408, stack(0x00000027f7000000,0x00000027f7100000)]
  0x00000181a096f800 JavaThread "J3D-MasterControl-1" [_thread_blocked, id=54344, stack(0x00000027f7100000,0x00000027f7200000)]
=>0x00000181a0995000 JavaThread "J3D-Renderer-1" [_thread_in_native, id=68880, stack(0x00000027f7200000,0x00000027f7300000)]
  0x00000181a0b98800 JavaThread "AWT-EventQueue-0" [_thread_in_native, id=20392, stack(0x00000027f7500000,0x00000027f7600000)]
  0x00000181a0b99000 JavaThread "DestroyJavaVM" [_thread_blocked, id=66068, stack(0x00000027f5900000,0x00000027f5a00000)]
  0x00000181a0b9a000 JavaThread "J3D-BehaviorStructureUpdateThread-1" [_thread_blocked, id=32808, stack(0x00000027f7600000,0x00000027f7700000)]
  0x00000181a0b9a800 JavaThread "J3D-GeometryStructureUpdateThread-1" [_thread_blocked, id=68200, stack(0x00000027f7700000,0x00000027f7800000)]
  0x00000181a9e4b000 JavaThread "J3D-SoundStructureUpdateThread-1" [_thread_blocked, id=67424, stack(0x00000027f7800000,0x00000027f7900000)]
  0x00000181a9e50000 JavaThread "J3D-RenderingEnvironmentStructureUpdateThread-1" [_thread_blocked, id=69056, stack(0x00000027f7900000,0x00000027f7a00000)]
  0x00000181a9e4c000 JavaThread "J3D-TransformStructureUpdateThread-1" [_thread_blocked, id=21900, stack(0x00000027f7a00000,0x00000027f7b00000)]
  0x00000181a9e4a800 JavaThread "J3D-BehaviorScheduler-1" [_thread_blocked, id=58412, stack(0x00000027f7b00000,0x00000027f7c00000)]
  0x00000181a9e4d800 JavaThread "J3D-RenderStructureUpdateThread-1" [_thread_blocked, id=31400, stack(0x00000027f7c00000,0x00000027f7d00000)]
  0x00000181a9e4c800 JavaThread "J3D-SoundSchedulerUpdateThread-1" [_thread_blocked, id=13032, stack(0x00000027f7d00000,0x00000027f7e00000)]
  0x00000181a9e54000 JavaThread "J3D-InputDeviceScheduler-1" [_thread_blocked, id=56520, stack(0x00000027f7e00000,0x00000027f7f00000)]

Other Threads:
  0x000001819f951800 VMThread "VM Thread" [stack: 0x00000027f5f00000,0x00000027f6000000] [id=55140]
  0x00000181a04eb800 WatcherThread [stack: 0x00000027f6b00000,0x00000027f6c00000] [id=68908]
  0x00000181fb91d000 GCTaskThread "GC Thread#0" [stack: 0x00000027f5a00000,0x00000027f5b00000] [id=11576]
  0x00000181ad3ba800 GCTaskThread "GC Thread#1" [stack: 0x00000027f8000000,0x00000027f8100000] [id=8824]
  0x00000181ad73e800 GCTaskThread "GC Thread#2" [stack: 0x00000027f8100000,0x00000027f8200000] [id=13464]
  0x00000181acd60000 GCTaskThread "GC Thread#3" [stack: 0x00000027f8200000,0x00000027f8300000] [id=15108]
  0x00000181acd61000 GCTaskThread "GC Thread#4" [stack: 0x00000027f8300000,0x00000027f8400000] [id=66992]
  0x00000181aadcd000 GCTaskThread "GC Thread#5" [stack: 0x00000027f8400000,0x00000027f8500000] [id=66996]
  0x00000181aadce000 GCTaskThread "GC Thread#6" [stack: 0x00000027f8500000,0x00000027f8600000] [id=67004]
  0x00000181aac13800 GCTaskThread "GC Thread#7" [stack: 0x00000027f8600000,0x00000027f8700000] [id=67008]
  0x00000181aac14800 GCTaskThread "GC Thread#8" [stack: 0x00000027f8700000,0x00000027f8800000] [id=67012]
  0x00000181aac15000 GCTaskThread "GC Thread#9" [stack: 0x00000027f8800000,0x00000027f8900000] [id=67016]
  0x00000181fb93f000 ConcurrentGCThread "G1 Main Marker" [stack: 0x00000027f5b00000,0x00000027f5c00000] [id=68488]
  0x00000181fb941000 ConcurrentGCThread "G1 Conc#0" [stack: 0x00000027f5c00000,0x00000027f5d00000] [id=67976]
  0x000001819f848800 ConcurrentGCThread "G1 Refine#0" [stack: 0x00000027f5d00000,0x00000027f5e00000] [id=66196]
  0x000001819f84b000 ConcurrentGCThread "G1 Young RemSet Sampling" [stack: 0x00000027f5e00000,0x00000027f5f00000] [id=55048]

Threads with active compile tasks:

VM state:not at safepoint (normal execution)

VM Mutex/Monitor currently owned by a thread: None

Heap address: 0x0000000702400000, size: 4060 MB, Compressed Oops mode: Zero based, Oop shift amount: 3
Narrow klass base: 0x0000000800000000, Narrow klass shift: 3
Compressed class space size: 1073741824 Address: 0x0000000800b40000

Heap:
 garbage-first heap   total 260096K, used 46630K [0x0000000702400000, 0x0000000800000000)
  region size 1024K, 5 young (5120K), 3 survivors (3072K)
 Metaspace       used 11970K, capacity 12235K, committed 12416K, reserved 1060864K
  class space    used 1179K, capacity 1295K, committed 1408K, reserved 1048576K
Heap Regions: E=young(eden), S=young(survivor), O=old, HS=humongous(starts), HC=humongous(continues), CS=collection set, F=free, A=archive, TAMS=top-at-mark-start (previous, next)
|   0|0x0000000702400000, 0x0000000702500000, 0x0000000702500000|100%|HS|  |TAMS 0x0000000702400000, 0x0000000702400000| Complete 
|   1|0x0000000702500000, 0x0000000702600000, 0x0000000702600000|100%|HC|  |TAMS 0x0000000702500000, 0x0000000702500000| Complete 
|   2|0x0000000702600000, 0x0000000702700000, 0x0000000702700000|100%|HS|  |TAMS 0x0000000702600000, 0x0000000702600000| Complete 
|   3|0x0000000702700000, 0x0000000702800000, 0x0000000702800000|100%|HC|  |TAMS 0x0000000702700000, 0x0000000702700000| Complete 
|   4|0x0000000702800000, 0x0000000702900000, 0x0000000702900000|100%|HS|  |TAMS 0x0000000702800000, 0x0000000702800000| Complete 
|   5|0x0000000702900000, 0x0000000702a00000, 0x0000000702a00000|100%|HC|  |TAMS 0x0000000702900000, 0x0000000702900000| Complete 
|   6|0x0000000702a00000, 0x0000000702b00000, 0x0000000702b00000|100%|HS|  |TAMS 0x0000000702a00000, 0x0000000702a00000| Complete 
|   7|0x0000000702b00000, 0x0000000702c00000, 0x0000000702c00000|100%|HC|  |TAMS 0x0000000702b00000, 0x0000000702b00000| Complete 
|   8|0x0000000702c00000, 0x0000000702d00000, 0x0000000702d00000|100%|HS|  |TAMS 0x0000000702c00000, 0x0000000702c00000| Complete 
|   9|0x0000000702d00000, 0x0000000702e00000, 0x0000000702e00000|100%|HC|  |TAMS 0x0000000702d00000, 0x0000000702d00000| Complete 
|  10|0x0000000702e00000, 0x0000000702f00000, 0x0000000702f00000|100%|HS|  |TAMS 0x0000000702e00000, 0x0000000702e00000| Complete 
|  11|0x0000000702f00000, 0x0000000703000000, 0x0000000703000000|100%|HC|  |TAMS 0x0000000702f00000, 0x0000000702f00000| Complete 
|  12|0x0000000703000000, 0x0000000703100000, 0x0000000703100000|100%|HC|  |TAMS 0x0000000703000000, 0x0000000703000000| Complete 
|  13|0x0000000703100000, 0x0000000703200000, 0x0000000703200000|100%|HC|  |TAMS 0x0000000703100000, 0x0000000703100000| Complete 
|  14|0x0000000703200000, 0x0000000703300000, 0x0000000703300000|100%|HS|  |TAMS 0x0000000703200000, 0x0000000703200000| Complete 
|  15|0x0000000703300000, 0x0000000703400000, 0x0000000703400000|100%|HC|  |TAMS 0x0000000703300000, 0x0000000703300000| Complete 
|  16|0x0000000703400000, 0x0000000703500000, 0x0000000703500000|100%|HC|  |TAMS 0x0000000703400000, 0x0000000703400000| Complete 
|  17|0x0000000703500000, 0x0000000703600000, 0x0000000703600000|100%|HC|  |TAMS 0x0000000703500000, 0x0000000703500000| Complete 
|  18|0x0000000703600000, 0x0000000703700000, 0x0000000703700000|100%|HC|  |TAMS 0x0000000703600000, 0x0000000703600000| Complete 
|  19|0x0000000703700000, 0x0000000703800000, 0x0000000703800000|100%|HC|  |TAMS 0x0000000703700000, 0x0000000703700000| Complete 
|  20|0x0000000703800000, 0x0000000703900000, 0x0000000703900000|100%|HS|  |TAMS 0x0000000703800000, 0x0000000703800000| Complete 
|  21|0x0000000703900000, 0x0000000703a00000, 0x0000000703a00000|100%|HC|  |TAMS 0x0000000703900000, 0x0000000703900000| Complete 
|  22|0x0000000703a00000, 0x0000000703b00000, 0x0000000703b00000|100%|HC|  |TAMS 0x0000000703a00000, 0x0000000703a00000| Complete 
|  23|0x0000000703b00000, 0x0000000703c00000, 0x0000000703c00000|100%|HC|  |TAMS 0x0000000703b00000, 0x0000000703b00000| Complete 
|  24|0x0000000703c00000, 0x0000000703d00000, 0x0000000703d00000|100%|HC|  |TAMS 0x0000000703c00000, 0x0000000703c00000| Complete 
|  25|0x0000000703d00000, 0x0000000703e00000, 0x0000000703e00000|100%|HC|  |TAMS 0x0000000703d00000, 0x0000000703d00000| Complete 
|  26|0x0000000703e00000, 0x0000000703f00000, 0x0000000703f00000|100%|HS|  |TAMS 0x0000000703e00000, 0x0000000703e00000| Complete 
|  27|0x0000000703f00000, 0x0000000704000000, 0x0000000704000000|100%|HC|  |TAMS 0x0000000703f00000, 0x0000000703f00000| Complete 
|  28|0x0000000704000000, 0x0000000704100000, 0x0000000704100000|100%|HC|  |TAMS 0x0000000704000000, 0x0000000704000000| Complete 
|  29|0x0000000704100000, 0x0000000704200000, 0x0000000704200000|100%|HC|  |TAMS 0x0000000704100000, 0x0000000704100000| Complete 
|  30|0x0000000704200000, 0x0000000704300000, 0x0000000704300000|100%|HC|  |TAMS 0x0000000704200000, 0x0000000704200000| Complete 
|  31|0x0000000704300000, 0x0000000704400000, 0x0000000704400000|100%|HC|  |TAMS 0x0000000704300000, 0x0000000704300000| Complete 
|  32|0x0000000704400000, 0x0000000704500000, 0x0000000704500000|100%|HC|  |TAMS 0x0000000704400000, 0x0000000704400000| Complete 
|  33|0x0000000704500000, 0x0000000704600000, 0x0000000704600000|100%|HS|  |TAMS 0x0000000704500000, 0x0000000704500000| Complete 
|  34|0x0000000704600000, 0x0000000704700000, 0x0000000704700000|100%|HC|  |TAMS 0x0000000704600000, 0x0000000704600000| Complete 
|  35|0x0000000704700000, 0x0000000704800000, 0x0000000704800000|100%|HC|  |TAMS 0x0000000704700000, 0x0000000704700000| Complete 
|  36|0x0000000704800000, 0x0000000704900000, 0x0000000704900000|100%|HC|  |TAMS 0x0000000704800000, 0x0000000704800000| Complete 
|  37|0x0000000704900000, 0x0000000704a00000, 0x0000000704a00000|100%|HC|  |TAMS 0x0000000704900000, 0x0000000704900000| Complete 
|  38|0x0000000704a00000, 0x0000000704b00000, 0x0000000704b00000|100%|HC|  |TAMS 0x0000000704a00000, 0x0000000704a00000| Complete 
|  39|0x0000000704b00000, 0x0000000704c00000, 0x0000000704c00000|100%|HC|  |TAMS 0x0000000704b00000, 0x0000000704b00000| Complete 
|  40|0x0000000704c00000, 0x0000000704d00000, 0x0000000704d00000|100%|HC|  |TAMS 0x0000000704c00000, 0x0000000704c00000| Complete 
|  41|0x0000000704d00000, 0x0000000704d89a00, 0x0000000704e00000| 53%| O|  |TAMS 0x0000000704d00000, 0x0000000704d00000| Untracked 
|  42|0x0000000704e00000, 0x0000000704e00000, 0x0000000704f00000|  0%| F|  |TAMS 0x0000000704e00000, 0x0000000704e00000| Untracked 
|  43|0x0000000704f00000, 0x0000000704f00000, 0x0000000705000000|  0%| F|  |TAMS 0x0000000704f00000, 0x0000000704f00000| Untracked 
|  44|0x0000000705000000, 0x0000000705000000, 0x0000000705100000|  0%| F|  |TAMS 0x0000000705000000, 0x0000000705000000| Untracked 
|  45|0x0000000705100000, 0x0000000705100000, 0x0000000705200000|  0%| F|  |TAMS 0x0000000705100000, 0x0000000705100000| Untracked 
|  46|0x0000000705200000, 0x0000000705200000, 0x0000000705300000|  0%| F|  |TAMS 0x0000000705200000, 0x0000000705200000| Untracked 
|  47|0x0000000705300000, 0x0000000705300000, 0x0000000705400000|  0%| F|  |TAMS 0x0000000705300000, 0x0000000705300000| Untracked 
|  48|0x0000000705400000, 0x0000000705400000, 0x0000000705500000|  0%| F|  |TAMS 0x0000000705400000, 0x0000000705400000| Untracked 
|  49|0x0000000705500000, 0x0000000705500000, 0x0000000705600000|  0%| F|  |TAMS 0x0000000705500000, 0x0000000705500000| Untracked 
|  50|0x0000000705600000, 0x0000000705600000, 0x0000000705700000|  0%| F|  |TAMS 0x0000000705600000, 0x0000000705600000| Untracked 
|  51|0x0000000705700000, 0x0000000705700000, 0x0000000705800000|  0%| F|  |TAMS 0x0000000705700000, 0x0000000705700000| Untracked 
|  52|0x0000000705800000, 0x0000000705800000, 0x0000000705900000|  0%| F|  |TAMS 0x0000000705800000, 0x0000000705800000| Untracked 
|  53|0x0000000705900000, 0x0000000705900000, 0x0000000705a00000|  0%| F|  |TAMS 0x0000000705900000, 0x0000000705900000| Untracked 
|  54|0x0000000705a00000, 0x0000000705a00000, 0x0000000705b00000|  0%| F|  |TAMS 0x0000000705a00000, 0x0000000705a00000| Untracked 
|  55|0x0000000705b00000, 0x0000000705b00000, 0x0000000705c00000|  0%| F|  |TAMS 0x0000000705b00000, 0x0000000705b00000| Untracked 
|  56|0x0000000705c00000, 0x0000000705c00000, 0x0000000705d00000|  0%| F|  |TAMS 0x0000000705c00000, 0x0000000705c00000| Untracked 
|  57|0x0000000705d00000, 0x0000000705d00000, 0x0000000705e00000|  0%| F|  |TAMS 0x0000000705d00000, 0x0000000705d00000| Untracked 
|  58|0x0000000705e00000, 0x0000000705e00000, 0x0000000705f00000|  0%| F|  |TAMS 0x0000000705e00000, 0x0000000705e00000| Untracked 
|  59|0x0000000705f00000, 0x0000000705f00000, 0x0000000706000000|  0%| F|  |TAMS 0x0000000705f00000, 0x0000000705f00000| Untracked 
|  60|0x0000000706000000, 0x0000000706000000, 0x0000000706100000|  0%| F|  |TAMS 0x0000000706000000, 0x0000000706000000| Untracked 
|  61|0x0000000706100000, 0x0000000706100000, 0x0000000706200000|  0%| F|  |TAMS 0x0000000706100000, 0x0000000706100000| Untracked 
|  62|0x0000000706200000, 0x0000000706200000, 0x0000000706300000|  0%| F|  |TAMS 0x0000000706200000, 0x0000000706200000| Untracked 
|  63|0x0000000706300000, 0x0000000706300000, 0x0000000706400000|  0%| F|  |TAMS 0x0000000706300000, 0x0000000706300000| Untracked 
|  64|0x0000000706400000, 0x0000000706400000, 0x0000000706500000|  0%| F|  |TAMS 0x0000000706400000, 0x0000000706400000| Untracked 
|  65|0x0000000706500000, 0x0000000706500000, 0x0000000706600000|  0%| F|  |TAMS 0x0000000706500000, 0x0000000706500000| Untracked 
|  66|0x0000000706600000, 0x0000000706600000, 0x0000000706700000|  0%| F|  |TAMS 0x0000000706600000, 0x0000000706600000| Untracked 
|  67|0x0000000706700000, 0x0000000706700000, 0x0000000706800000|  0%| F|  |TAMS 0x0000000706700000, 0x0000000706700000| Untracked 
|  68|0x0000000706800000, 0x0000000706800000, 0x0000000706900000|  0%| F|  |TAMS 0x0000000706800000, 0x0000000706800000| Untracked 
|  69|0x0000000706900000, 0x0000000706900000, 0x0000000706a00000|  0%| F|  |TAMS 0x0000000706900000, 0x0000000706900000| Untracked 
|  70|0x0000000706a00000, 0x0000000706a00000, 0x0000000706b00000|  0%| F|  |TAMS 0x0000000706a00000, 0x0000000706a00000| Untracked 
|  71|0x0000000706b00000, 0x0000000706b00000, 0x0000000706c00000|  0%| F|  |TAMS 0x0000000706b00000, 0x0000000706b00000| Untracked 
|  72|0x0000000706c00000, 0x0000000706c00000, 0x0000000706d00000|  0%| F|  |TAMS 0x0000000706c00000, 0x0000000706c00000| Untracked 
|  73|0x0000000706d00000, 0x0000000706d00000, 0x0000000706e00000|  0%| F|  |TAMS 0x0000000706d00000, 0x0000000706d00000| Untracked 
|  74|0x0000000706e00000, 0x0000000706e00000, 0x0000000706f00000|  0%| F|  |TAMS 0x0000000706e00000, 0x0000000706e00000| Untracked 
|  75|0x0000000706f00000, 0x0000000706f00000, 0x0000000707000000|  0%| F|  |TAMS 0x0000000706f00000, 0x0000000706f00000| Untracked 
|  76|0x0000000707000000, 0x0000000707000000, 0x0000000707100000|  0%| F|  |TAMS 0x0000000707000000, 0x0000000707000000| Untracked 
|  77|0x0000000707100000, 0x0000000707100000, 0x0000000707200000|  0%| F|  |TAMS 0x0000000707100000, 0x0000000707100000| Untracked 
|  78|0x0000000707200000, 0x0000000707200000, 0x0000000707300000|  0%| F|  |TAMS 0x0000000707200000, 0x0000000707200000| Untracked 
|  79|0x0000000707300000, 0x0000000707300000, 0x0000000707400000|  0%| F|  |TAMS 0x0000000707300000, 0x0000000707300000| Untracked 
|  80|0x0000000707400000, 0x0000000707400000, 0x0000000707500000|  0%| F|  |TAMS 0x0000000707400000, 0x0000000707400000| Untracked 
|  81|0x0000000707500000, 0x0000000707500000, 0x0000000707600000|  0%| F|  |TAMS 0x0000000707500000, 0x0000000707500000| Untracked 
|  82|0x0000000707600000, 0x0000000707600000, 0x0000000707700000|  0%| F|  |TAMS 0x0000000707600000, 0x0000000707600000| Untracked 
|  83|0x0000000707700000, 0x0000000707700000, 0x0000000707800000|  0%| F|  |TAMS 0x0000000707700000, 0x0000000707700000| Untracked 
|  84|0x0000000707800000, 0x0000000707800000, 0x0000000707900000|  0%| F|  |TAMS 0x0000000707800000, 0x0000000707800000| Untracked 
|  85|0x0000000707900000, 0x0000000707900000, 0x0000000707a00000|  0%| F|  |TAMS 0x0000000707900000, 0x0000000707900000| Untracked 
|  86|0x0000000707a00000, 0x0000000707a00000, 0x0000000707b00000|  0%| F|  |TAMS 0x0000000707a00000, 0x0000000707a00000| Untracked 
|  87|0x0000000707b00000, 0x0000000707b00000, 0x0000000707c00000|  0%| F|  |TAMS 0x0000000707b00000, 0x0000000707b00000| Untracked 
|  88|0x0000000707c00000, 0x0000000707c00000, 0x0000000707d00000|  0%| F|  |TAMS 0x0000000707c00000, 0x0000000707c00000| Untracked 
|  89|0x0000000707d00000, 0x0000000707d00000, 0x0000000707e00000|  0%| F|  |TAMS 0x0000000707d00000, 0x0000000707d00000| Untracked 
|  90|0x0000000707e00000, 0x0000000707e00000, 0x0000000707f00000|  0%| F|  |TAMS 0x0000000707e00000, 0x0000000707e00000| Untracked 
|  91|0x0000000707f00000, 0x0000000707f00000, 0x0000000708000000|  0%| F|  |TAMS 0x0000000707f00000, 0x0000000707f00000| Untracked 
|  92|0x0000000708000000, 0x0000000708000000, 0x0000000708100000|  0%| F|  |TAMS 0x0000000708000000, 0x0000000708000000| Untracked 
|  93|0x0000000708100000, 0x0000000708100000, 0x0000000708200000|  0%| F|  |TAMS 0x0000000708100000, 0x0000000708100000| Untracked 
|  94|0x0000000708200000, 0x0000000708200000, 0x0000000708300000|  0%| F|  |TAMS 0x0000000708200000, 0x0000000708200000| Untracked 
|  95|0x0000000708300000, 0x0000000708300000, 0x0000000708400000|  0%| F|  |TAMS 0x0000000708300000, 0x0000000708300000| Untracked 
|  96|0x0000000708400000, 0x0000000708400000, 0x0000000708500000|  0%| F|  |TAMS 0x0000000708400000, 0x0000000708400000| Untracked 
|  97|0x0000000708500000, 0x0000000708500000, 0x0000000708600000|  0%| F|  |TAMS 0x0000000708500000, 0x0000000708500000| Untracked 
|  98|0x0000000708600000, 0x0000000708600000, 0x0000000708700000|  0%| F|  |TAMS 0x0000000708600000, 0x0000000708600000| Untracked 
|  99|0x0000000708700000, 0x0000000708700000, 0x0000000708800000|  0%| F|  |TAMS 0x0000000708700000, 0x0000000708700000| Untracked 
| 100|0x0000000708800000, 0x0000000708800000, 0x0000000708900000|  0%| F|  |TAMS 0x0000000708800000, 0x0000000708800000| Untracked 
| 101|0x0000000708900000, 0x0000000708900000, 0x0000000708a00000|  0%| F|  |TAMS 0x0000000708900000, 0x0000000708900000| Untracked 
| 102|0x0000000708a00000, 0x0000000708a00000, 0x0000000708b00000|  0%| F|  |TAMS 0x0000000708a00000, 0x0000000708a00000| Untracked 
| 103|0x0000000708b00000, 0x0000000708b00000, 0x0000000708c00000|  0%| F|  |TAMS 0x0000000708b00000, 0x0000000708b00000| Untracked 
| 104|0x0000000708c00000, 0x0000000708c00000, 0x0000000708d00000|  0%| F|  |TAMS 0x0000000708c00000, 0x0000000708c00000| Untracked 
| 105|0x0000000708d00000, 0x0000000708d00000, 0x0000000708e00000|  0%| F|  |TAMS 0x0000000708d00000, 0x0000000708d00000| Untracked 
| 106|0x0000000708e00000, 0x0000000708e00000, 0x0000000708f00000|  0%| F|  |TAMS 0x0000000708e00000, 0x0000000708e00000| Untracked 
| 107|0x0000000708f00000, 0x0000000708f00000, 0x0000000709000000|  0%| F|  |TAMS 0x0000000708f00000, 0x0000000708f00000| Untracked 
| 108|0x0000000709000000, 0x0000000709000000, 0x0000000709100000|  0%| F|  |TAMS 0x0000000709000000, 0x0000000709000000| Untracked 
| 109|0x0000000709100000, 0x0000000709100000, 0x0000000709200000|  0%| F|  |TAMS 0x0000000709100000, 0x0000000709100000| Untracked 
| 110|0x0000000709200000, 0x0000000709200000, 0x0000000709300000|  0%| F|  |TAMS 0x0000000709200000, 0x0000000709200000| Untracked 
| 111|0x0000000709300000, 0x0000000709300000, 0x0000000709400000|  0%| F|  |TAMS 0x0000000709300000, 0x0000000709300000| Untracked 
| 112|0x0000000709400000, 0x0000000709400000, 0x0000000709500000|  0%| F|  |TAMS 0x0000000709400000, 0x0000000709400000| Untracked 
| 113|0x0000000709500000, 0x0000000709500000, 0x0000000709600000|  0%| F|  |TAMS 0x0000000709500000, 0x0000000709500000| Untracked 
| 114|0x0000000709600000, 0x0000000709600000, 0x0000000709700000|  0%| F|  |TAMS 0x0000000709600000, 0x0000000709600000| Untracked 
| 115|0x0000000709700000, 0x0000000709700000, 0x0000000709800000|  0%| F|  |TAMS 0x0000000709700000, 0x0000000709700000| Untracked 
| 116|0x0000000709800000, 0x0000000709800000, 0x0000000709900000|  0%| F|  |TAMS 0x0000000709800000, 0x0000000709800000| Untracked 
| 117|0x0000000709900000, 0x0000000709900000, 0x0000000709a00000|  0%| F|  |TAMS 0x0000000709900000, 0x0000000709900000| Untracked 
| 118|0x0000000709a00000, 0x0000000709a00000, 0x0000000709b00000|  0%| F|  |TAMS 0x0000000709a00000, 0x0000000709a00000| Untracked 
| 119|0x0000000709b00000, 0x0000000709b00000, 0x0000000709c00000|  0%| F|  |TAMS 0x0000000709b00000, 0x0000000709b00000| Untracked 
| 120|0x0000000709c00000, 0x0000000709c00000, 0x0000000709d00000|  0%| F|  |TAMS 0x0000000709c00000, 0x0000000709c00000| Untracked 
| 121|0x0000000709d00000, 0x0000000709d00000, 0x0000000709e00000|  0%| F|  |TAMS 0x0000000709d00000, 0x0000000709d00000| Untracked 
| 122|0x0000000709e00000, 0x0000000709e00000, 0x0000000709f00000|  0%| F|  |TAMS 0x0000000709e00000, 0x0000000709e00000| Untracked 
| 123|0x0000000709f00000, 0x0000000709f00000, 0x000000070a000000|  0%| F|  |TAMS 0x0000000709f00000, 0x0000000709f00000| Untracked 
| 124|0x000000070a000000, 0x000000070a000000, 0x000000070a100000|  0%| F|  |TAMS 0x000000070a000000, 0x000000070a000000| Untracked 
| 125|0x000000070a100000, 0x000000070a100000, 0x000000070a200000|  0%| F|  |TAMS 0x000000070a100000, 0x000000070a100000| Untracked 
| 126|0x000000070a200000, 0x000000070a200000, 0x000000070a300000|  0%| F|  |TAMS 0x000000070a200000, 0x000000070a200000| Untracked 
| 127|0x000000070a300000, 0x000000070a300000, 0x000000070a400000|  0%| F|  |TAMS 0x000000070a300000, 0x000000070a300000| Untracked 
| 128|0x000000070a400000, 0x000000070a400000, 0x000000070a500000|  0%| F|  |TAMS 0x000000070a400000, 0x000000070a400000| Untracked 
| 129|0x000000070a500000, 0x000000070a500000, 0x000000070a600000|  0%| F|  |TAMS 0x000000070a500000, 0x000000070a500000| Untracked 
| 130|0x000000070a600000, 0x000000070a600000, 0x000000070a700000|  0%| F|  |TAMS 0x000000070a600000, 0x000000070a600000| Untracked 
| 131|0x000000070a700000, 0x000000070a700000, 0x000000070a800000|  0%| F|  |TAMS 0x000000070a700000, 0x000000070a700000| Untracked 
| 132|0x000000070a800000, 0x000000070a800000, 0x000000070a900000|  0%| F|  |TAMS 0x000000070a800000, 0x000000070a800000| Untracked 
| 133|0x000000070a900000, 0x000000070a900000, 0x000000070aa00000|  0%| F|  |TAMS 0x000000070a900000, 0x000000070a900000| Untracked 
| 134|0x000000070aa00000, 0x000000070aa00000, 0x000000070ab00000|  0%| F|  |TAMS 0x000000070aa00000, 0x000000070aa00000| Untracked 
| 135|0x000000070ab00000, 0x000000070ab00000, 0x000000070ac00000|  0%| F|  |TAMS 0x000000070ab00000, 0x000000070ab00000| Untracked 
| 136|0x000000070ac00000, 0x000000070ac00000, 0x000000070ad00000|  0%| F|  |TAMS 0x000000070ac00000, 0x000000070ac00000| Untracked 
| 137|0x000000070ad00000, 0x000000070ad00000, 0x000000070ae00000|  0%| F|  |TAMS 0x000000070ad00000, 0x000000070ad00000| Untracked 
| 138|0x000000070ae00000, 0x000000070ae00000, 0x000000070af00000|  0%| F|  |TAMS 0x000000070ae00000, 0x000000070ae00000| Untracked 
| 139|0x000000070af00000, 0x000000070af00000, 0x000000070b000000|  0%| F|  |TAMS 0x000000070af00000, 0x000000070af00000| Untracked 
| 140|0x000000070b000000, 0x000000070b000000, 0x000000070b100000|  0%| F|  |TAMS 0x000000070b000000, 0x000000070b000000| Untracked 
| 141|0x000000070b100000, 0x000000070b100000, 0x000000070b200000|  0%| F|  |TAMS 0x000000070b100000, 0x000000070b100000| Untracked 
| 142|0x000000070b200000, 0x000000070b200000, 0x000000070b300000|  0%| F|  |TAMS 0x000000070b200000, 0x000000070b200000| Untracked 
| 143|0x000000070b300000, 0x000000070b300000, 0x000000070b400000|  0%| F|  |TAMS 0x000000070b300000, 0x000000070b300000| Untracked 
| 144|0x000000070b400000, 0x000000070b400000, 0x000000070b500000|  0%| F|  |TAMS 0x000000070b400000, 0x000000070b400000| Untracked 
| 145|0x000000070b500000, 0x000000070b500000, 0x000000070b600000|  0%| F|  |TAMS 0x000000070b500000, 0x000000070b500000| Untracked 
| 146|0x000000070b600000, 0x000000070b600000, 0x000000070b700000|  0%| F|  |TAMS 0x000000070b600000, 0x000000070b600000| Untracked 
| 147|0x000000070b700000, 0x000000070b700000, 0x000000070b800000|  0%| F|  |TAMS 0x000000070b700000, 0x000000070b700000| Untracked 
| 148|0x000000070b800000, 0x000000070b800000, 0x000000070b900000|  0%| F|  |TAMS 0x000000070b800000, 0x000000070b800000| Untracked 
| 149|0x000000070b900000, 0x000000070b900000, 0x000000070ba00000|  0%| F|  |TAMS 0x000000070b900000, 0x000000070b900000| Untracked 
| 150|0x000000070ba00000, 0x000000070ba00000, 0x000000070bb00000|  0%| F|  |TAMS 0x000000070ba00000, 0x000000070ba00000| Untracked 
| 151|0x000000070bb00000, 0x000000070bb00000, 0x000000070bc00000|  0%| F|  |TAMS 0x000000070bb00000, 0x000000070bb00000| Untracked 
| 152|0x000000070bc00000, 0x000000070bc00000, 0x000000070bd00000|  0%| F|  |TAMS 0x000000070bc00000, 0x000000070bc00000| Untracked 
| 153|0x000000070bd00000, 0x000000070bd00000, 0x000000070be00000|  0%| F|  |TAMS 0x000000070bd00000, 0x000000070bd00000| Untracked 
| 154|0x000000070be00000, 0x000000070be00000, 0x000000070bf00000|  0%| F|  |TAMS 0x000000070be00000, 0x000000070be00000| Untracked 
| 155|0x000000070bf00000, 0x000000070bf00000, 0x000000070c000000|  0%| F|  |TAMS 0x000000070bf00000, 0x000000070bf00000| Untracked 
| 156|0x000000070c000000, 0x000000070c000000, 0x000000070c100000|  0%| F|  |TAMS 0x000000070c000000, 0x000000070c000000| Untracked 
| 157|0x000000070c100000, 0x000000070c100000, 0x000000070c200000|  0%| F|  |TAMS 0x000000070c100000, 0x000000070c100000| Untracked 
| 158|0x000000070c200000, 0x000000070c200000, 0x000000070c300000|  0%| F|  |TAMS 0x000000070c200000, 0x000000070c200000| Untracked 
| 159|0x000000070c300000, 0x000000070c300000, 0x000000070c400000|  0%| F|  |TAMS 0x000000070c300000, 0x000000070c300000| Untracked 
| 160|0x000000070c400000, 0x000000070c400000, 0x000000070c500000|  0%| F|  |TAMS 0x000000070c400000, 0x000000070c400000| Untracked 
| 161|0x000000070c500000, 0x000000070c500000, 0x000000070c600000|  0%| F|  |TAMS 0x000000070c500000, 0x000000070c500000| Untracked 
| 162|0x000000070c600000, 0x000000070c600000, 0x000000070c700000|  0%| F|  |TAMS 0x000000070c600000, 0x000000070c600000| Untracked 
| 163|0x000000070c700000, 0x000000070c700000, 0x000000070c800000|  0%| F|  |TAMS 0x000000070c700000, 0x000000070c700000| Untracked 
| 164|0x000000070c800000, 0x000000070c800000, 0x000000070c900000|  0%| F|  |TAMS 0x000000070c800000, 0x000000070c800000| Untracked 
| 165|0x000000070c900000, 0x000000070c900000, 0x000000070ca00000|  0%| F|  |TAMS 0x000000070c900000, 0x000000070c900000| Untracked 
| 166|0x000000070ca00000, 0x000000070ca00000, 0x000000070cb00000|  0%| F|  |TAMS 0x000000070ca00000, 0x000000070ca00000| Untracked 
| 167|0x000000070cb00000, 0x000000070cb00000, 0x000000070cc00000|  0%| F|  |TAMS 0x000000070cb00000, 0x000000070cb00000| Untracked 
| 168|0x000000070cc00000, 0x000000070cc00000, 0x000000070cd00000|  0%| F|  |TAMS 0x000000070cc00000, 0x000000070cc00000| Untracked 
| 169|0x000000070cd00000, 0x000000070cd00000, 0x000000070ce00000|  0%| F|  |TAMS 0x000000070cd00000, 0x000000070cd00000| Untracked 
| 170|0x000000070ce00000, 0x000000070ce00000, 0x000000070cf00000|  0%| F|  |TAMS 0x000000070ce00000, 0x000000070ce00000| Untracked 
| 171|0x000000070cf00000, 0x000000070cf00000, 0x000000070d000000|  0%| F|  |TAMS 0x000000070cf00000, 0x000000070cf00000| Untracked 
| 172|0x000000070d000000, 0x000000070d000000, 0x000000070d100000|  0%| F|  |TAMS 0x000000070d000000, 0x000000070d000000| Untracked 
| 173|0x000000070d100000, 0x000000070d100000, 0x000000070d200000|  0%| F|  |TAMS 0x000000070d100000, 0x000000070d100000| Untracked 
| 174|0x000000070d200000, 0x000000070d200000, 0x000000070d300000|  0%| F|  |TAMS 0x000000070d200000, 0x000000070d200000| Untracked 
| 175|0x000000070d300000, 0x000000070d300000, 0x000000070d400000|  0%| F|  |TAMS 0x000000070d300000, 0x000000070d300000| Untracked 
| 176|0x000000070d400000, 0x000000070d400000, 0x000000070d500000|  0%| F|  |TAMS 0x000000070d400000, 0x000000070d400000| Untracked 
| 177|0x000000070d500000, 0x000000070d500000, 0x000000070d600000|  0%| F|  |TAMS 0x000000070d500000, 0x000000070d500000| Untracked 
| 178|0x000000070d600000, 0x000000070d600000, 0x000000070d700000|  0%| F|  |TAMS 0x000000070d600000, 0x000000070d600000| Untracked 
| 179|0x000000070d700000, 0x000000070d700000, 0x000000070d800000|  0%| F|  |TAMS 0x000000070d700000, 0x000000070d700000| Untracked 
| 180|0x000000070d800000, 0x000000070d800000, 0x000000070d900000|  0%| F|  |TAMS 0x000000070d800000, 0x000000070d800000| Untracked 
| 181|0x000000070d900000, 0x000000070d900000, 0x000000070da00000|  0%| F|  |TAMS 0x000000070d900000, 0x000000070d900000| Untracked 
| 182|0x000000070da00000, 0x000000070da00000, 0x000000070db00000|  0%| F|  |TAMS 0x000000070da00000, 0x000000070da00000| Untracked 
| 183|0x000000070db00000, 0x000000070db00000, 0x000000070dc00000|  0%| F|  |TAMS 0x000000070db00000, 0x000000070db00000| Untracked 
| 184|0x000000070dc00000, 0x000000070dc00000, 0x000000070dd00000|  0%| F|  |TAMS 0x000000070dc00000, 0x000000070dc00000| Untracked 
| 185|0x000000070dd00000, 0x000000070dd00000, 0x000000070de00000|  0%| F|  |TAMS 0x000000070dd00000, 0x000000070dd00000| Untracked 
| 186|0x000000070de00000, 0x000000070de00000, 0x000000070df00000|  0%| F|  |TAMS 0x000000070de00000, 0x000000070de00000| Untracked 
| 187|0x000000070df00000, 0x000000070df00000, 0x000000070e000000|  0%| F|  |TAMS 0x000000070df00000, 0x000000070df00000| Untracked 
| 188|0x000000070e000000, 0x000000070e000000, 0x000000070e100000|  0%| F|  |TAMS 0x000000070e000000, 0x000000070e000000| Untracked 
| 189|0x000000070e100000, 0x000000070e100000, 0x000000070e200000|  0%| F|  |TAMS 0x000000070e100000, 0x000000070e100000| Untracked 
| 190|0x000000070e200000, 0x000000070e200000, 0x000000070e300000|  0%| F|  |TAMS 0x000000070e200000, 0x000000070e200000| Untracked 
| 191|0x000000070e300000, 0x000000070e300000, 0x000000070e400000|  0%| F|  |TAMS 0x000000070e300000, 0x000000070e300000| Untracked 
| 192|0x000000070e400000, 0x000000070e400000, 0x000000070e500000|  0%| F|  |TAMS 0x000000070e400000, 0x000000070e400000| Untracked 
| 193|0x000000070e500000, 0x000000070e500000, 0x000000070e600000|  0%| F|  |TAMS 0x000000070e500000, 0x000000070e500000| Untracked 
| 194|0x000000070e600000, 0x000000070e600000, 0x000000070e700000|  0%| F|  |TAMS 0x000000070e600000, 0x000000070e600000| Untracked 
| 195|0x000000070e700000, 0x000000070e700000, 0x000000070e800000|  0%| F|  |TAMS 0x000000070e700000, 0x000000070e700000| Untracked 
| 196|0x000000070e800000, 0x000000070e800000, 0x000000070e900000|  0%| F|  |TAMS 0x000000070e800000, 0x000000070e800000| Untracked 
| 197|0x000000070e900000, 0x000000070e900000, 0x000000070ea00000|  0%| F|  |TAMS 0x000000070e900000, 0x000000070e900000| Untracked 
| 198|0x000000070ea00000, 0x000000070ea00000, 0x000000070eb00000|  0%| F|  |TAMS 0x000000070ea00000, 0x000000070ea00000| Untracked 
| 199|0x000000070eb00000, 0x000000070eb00000, 0x000000070ec00000|  0%| F|  |TAMS 0x000000070eb00000, 0x000000070eb00000| Untracked 
| 200|0x000000070ec00000, 0x000000070ec00000, 0x000000070ed00000|  0%| F|  |TAMS 0x000000070ec00000, 0x000000070ec00000| Untracked 
| 201|0x000000070ed00000, 0x000000070ed00000, 0x000000070ee00000|  0%| F|  |TAMS 0x000000070ed00000, 0x000000070ed00000| Untracked 
| 202|0x000000070ee00000, 0x000000070ee00000, 0x000000070ef00000|  0%| F|  |TAMS 0x000000070ee00000, 0x000000070ee00000| Untracked 
| 203|0x000000070ef00000, 0x000000070ef00000, 0x000000070f000000|  0%| F|  |TAMS 0x000000070ef00000, 0x000000070ef00000| Untracked 
| 204|0x000000070f000000, 0x000000070f000000, 0x000000070f100000|  0%| F|  |TAMS 0x000000070f000000, 0x000000070f000000| Untracked 
| 205|0x000000070f100000, 0x000000070f100000, 0x000000070f200000|  0%| F|  |TAMS 0x000000070f100000, 0x000000070f100000| Untracked 
| 206|0x000000070f200000, 0x000000070f200000, 0x000000070f300000|  0%| F|  |TAMS 0x000000070f200000, 0x000000070f200000| Untracked 
| 207|0x000000070f300000, 0x000000070f300000, 0x000000070f400000|  0%| F|  |TAMS 0x000000070f300000, 0x000000070f300000| Untracked 
| 208|0x000000070f400000, 0x000000070f400000, 0x000000070f500000|  0%| F|  |TAMS 0x000000070f400000, 0x000000070f400000| Untracked 
| 209|0x000000070f500000, 0x000000070f500000, 0x000000070f600000|  0%| F|  |TAMS 0x000000070f500000, 0x000000070f500000| Untracked 
| 210|0x000000070f600000, 0x000000070f600000, 0x000000070f700000|  0%| F|  |TAMS 0x000000070f600000, 0x000000070f600000| Untracked 
| 211|0x000000070f700000, 0x000000070f700000, 0x000000070f800000|  0%| F|  |TAMS 0x000000070f700000, 0x000000070f700000| Untracked 
| 212|0x000000070f800000, 0x000000070f800000, 0x000000070f900000|  0%| F|  |TAMS 0x000000070f800000, 0x000000070f800000| Untracked 
| 213|0x000000070f900000, 0x000000070f900000, 0x000000070fa00000|  0%| F|  |TAMS 0x000000070f900000, 0x000000070f900000| Untracked 
| 214|0x000000070fa00000, 0x000000070fa00000, 0x000000070fb00000|  0%| F|  |TAMS 0x000000070fa00000, 0x000000070fa00000| Untracked 
| 215|0x000000070fb00000, 0x000000070fb00000, 0x000000070fc00000|  0%| F|  |TAMS 0x000000070fb00000, 0x000000070fb00000| Untracked 
| 216|0x000000070fc00000, 0x000000070fc00000, 0x000000070fd00000|  0%| F|  |TAMS 0x000000070fc00000, 0x000000070fc00000| Untracked 
| 217|0x000000070fd00000, 0x000000070fd00000, 0x000000070fe00000|  0%| F|  |TAMS 0x000000070fd00000, 0x000000070fd00000| Untracked 
| 218|0x000000070fe00000, 0x000000070fe00000, 0x000000070ff00000|  0%| F|  |TAMS 0x000000070fe00000, 0x000000070fe00000| Untracked 
| 219|0x000000070ff00000, 0x000000070ff00000, 0x0000000710000000|  0%| F|  |TAMS 0x000000070ff00000, 0x000000070ff00000| Untracked 
| 220|0x0000000710000000, 0x0000000710000000, 0x0000000710100000|  0%| F|  |TAMS 0x0000000710000000, 0x0000000710000000| Untracked 
| 221|0x0000000710100000, 0x0000000710100000, 0x0000000710200000|  0%| F|  |TAMS 0x0000000710100000, 0x0000000710100000| Untracked 
| 222|0x0000000710200000, 0x0000000710200000, 0x0000000710300000|  0%| F|  |TAMS 0x0000000710200000, 0x0000000710200000| Untracked 
| 223|0x0000000710300000, 0x0000000710300000, 0x0000000710400000|  0%| F|  |TAMS 0x0000000710300000, 0x0000000710300000| Untracked 
| 224|0x0000000710400000, 0x0000000710400000, 0x0000000710500000|  0%| F|  |TAMS 0x0000000710400000, 0x0000000710400000| Untracked 
| 225|0x0000000710500000, 0x0000000710500000, 0x0000000710600000|  0%| F|  |TAMS 0x0000000710500000, 0x0000000710500000| Untracked 
| 226|0x0000000710600000, 0x0000000710600000, 0x0000000710700000|  0%| F|  |TAMS 0x0000000710600000, 0x0000000710600000| Untracked 
| 227|0x0000000710700000, 0x0000000710800000, 0x0000000710800000|100%| S|CS|TAMS 0x0000000710700000, 0x0000000710700000| Complete 
| 228|0x0000000710800000, 0x0000000710900000, 0x0000000710900000|100%| S|CS|TAMS 0x0000000710800000, 0x0000000710800000| Complete 
| 229|0x0000000710900000, 0x0000000710a00000, 0x0000000710a00000|100%| S|CS|TAMS 0x0000000710900000, 0x0000000710900000| Complete 
| 230|0x0000000710a00000, 0x0000000710a00000, 0x0000000710b00000|  0%| F|  |TAMS 0x0000000710a00000, 0x0000000710a00000| Untracked 
| 231|0x0000000710b00000, 0x0000000710b00000, 0x0000000710c00000|  0%| F|  |TAMS 0x0000000710b00000, 0x0000000710b00000| Untracked 
| 232|0x0000000710c00000, 0x0000000710c00000, 0x0000000710d00000|  0%| F|  |TAMS 0x0000000710c00000, 0x0000000710c00000| Untracked 
| 233|0x0000000710d00000, 0x0000000710d00000, 0x0000000710e00000|  0%| F|  |TAMS 0x0000000710d00000, 0x0000000710d00000| Untracked 
| 234|0x0000000710e00000, 0x0000000710e00000, 0x0000000710f00000|  0%| F|  |TAMS 0x0000000710e00000, 0x0000000710e00000| Untracked 
| 235|0x0000000710f00000, 0x0000000710f00000, 0x0000000711000000|  0%| F|  |TAMS 0x0000000710f00000, 0x0000000710f00000| Untracked 
| 236|0x0000000711000000, 0x0000000711000000, 0x0000000711100000|  0%| F|  |TAMS 0x0000000711000000, 0x0000000711000000| Untracked 
| 237|0x0000000711100000, 0x0000000711100000, 0x0000000711200000|  0%| F|  |TAMS 0x0000000711100000, 0x0000000711100000| Untracked 
| 238|0x0000000711200000, 0x0000000711200000, 0x0000000711300000|  0%| F|  |TAMS 0x0000000711200000, 0x0000000711200000| Untracked 
| 239|0x0000000711300000, 0x0000000711300000, 0x0000000711400000|  0%| F|  |TAMS 0x0000000711300000, 0x0000000711300000| Untracked 
| 240|0x0000000711400000, 0x0000000711400000, 0x0000000711500000|  0%| F|  |TAMS 0x0000000711400000, 0x0000000711400000| Untracked 
| 241|0x0000000711500000, 0x0000000711500000, 0x0000000711600000|  0%| F|  |TAMS 0x0000000711500000, 0x0000000711500000| Untracked 
| 242|0x0000000711600000, 0x0000000711600000, 0x0000000711700000|  0%| F|  |TAMS 0x0000000711600000, 0x0000000711600000| Untracked 
| 243|0x0000000711700000, 0x0000000711700000, 0x0000000711800000|  0%| F|  |TAMS 0x0000000711700000, 0x0000000711700000| Untracked 
| 244|0x0000000711800000, 0x0000000711800000, 0x0000000711900000|  0%| F|  |TAMS 0x0000000711800000, 0x0000000711800000| Untracked 
| 245|0x0000000711900000, 0x0000000711900000, 0x0000000711a00000|  0%| F|  |TAMS 0x0000000711900000, 0x0000000711900000| Untracked 
| 246|0x0000000711a00000, 0x0000000711a00000, 0x0000000711b00000|  0%| F|  |TAMS 0x0000000711a00000, 0x0000000711a00000| Untracked 
| 247|0x0000000711b00000, 0x0000000711b00000, 0x0000000711c00000|  0%| F|  |TAMS 0x0000000711b00000, 0x0000000711b00000| Untracked 
| 248|0x0000000711c00000, 0x0000000711c00000, 0x0000000711d00000|  0%| F|  |TAMS 0x0000000711c00000, 0x0000000711c00000| Untracked 
| 249|0x0000000711d00000, 0x0000000711d00000, 0x0000000711e00000|  0%| F|  |TAMS 0x0000000711d00000, 0x0000000711d00000| Untracked 
| 250|0x0000000711e00000, 0x0000000711e00000, 0x0000000711f00000|  0%| F|  |TAMS 0x0000000711e00000, 0x0000000711e00000| Untracked 
| 251|0x0000000711f00000, 0x0000000711f00000, 0x0000000712000000|  0%| F|  |TAMS 0x0000000711f00000, 0x0000000711f00000| Untracked 
| 252|0x0000000712000000, 0x0000000712100000, 0x0000000712100000|100%| E|  |TAMS 0x0000000712000000, 0x0000000712000000| Complete 
| 253|0x0000000712100000, 0x0000000712200000, 0x0000000712200000|100%| E|CS|TAMS 0x0000000712100000, 0x0000000712100000| Complete 

Card table byte_map: [0x00000181fc7d0000,0x00000181fcfc0000] _byte_map_base: 0x00000181f8fbe000

Marking Bits (Prev, Next): (CMBitMap*) 0x00000181fb91da88, (CMBitMap*) 0x00000181fb91dac8
 Prev Bits: [0x0000018197430000, 0x000001819b3a0000)
 Next Bits: [0x000001819b3a0000, 0x000001819f310000)

Polling page: 0x00000181f95a0000

Metaspace:

Usage:
  Non-class:     10.68 MB capacity,    10.54 MB ( 99%) used,   124.95 KB (  1%) free+waste,    24.31 KB ( <1%) overhead. 
      Class:      1.26 MB capacity,     1.15 MB ( 91%) used,   101.45 KB (  8%) free+waste,    14.00 KB (  1%) overhead. 
       Both:     11.95 MB capacity,    11.69 MB ( 98%) used,   226.40 KB (  2%) free+waste,    38.31 KB ( <1%) overhead. 

Virtual space:
  Non-class space:       12.00 MB reserved,      10.75 MB ( 90%) committed 
      Class space:        1.00 GB reserved,       1.38 MB ( <1%) committed 
             Both:        1.01 GB reserved,      12.13 MB (  1%) committed 

Chunk freelists:
   Non-Class:  4.00 KB
       Class:  17.00 KB
        Both:  21.00 KB

MaxMetaspaceSize: 17179869184.00 GB
CompressedClassSpaceSize: 1.00 GB

CodeHeap 'non-profiled nmethods': size=120000Kb used=701Kb max_used=701Kb free=119298Kb
 bounds [0x000001818ff00000, 0x0000018190170000, 0x0000018197430000]
CodeHeap 'profiled nmethods': size=120000Kb used=3443Kb max_used=3443Kb free=116556Kb
 bounds [0x00000181889d0000, 0x0000018188d30000, 0x000001818ff00000]
CodeHeap 'non-nmethods': size=5760Kb used=1387Kb max_used=1426Kb free=4373Kb
 bounds [0x0000018188430000, 0x00000181886a0000, 0x00000181889d0000]
 total_blobs=2810 nmethods=1491 adapters=597
 compilation: enabled
              stopped_count=0, restarted_count=0
 full_count=0

Compilation events (20 events):
Event: 23.355 Thread 0x00000181a01f1000 1476       3       java.awt.Component::getAppliedShape (30 bytes)
Event: 23.356 Thread 0x00000181a01f1000 nmethod 1476 0x0000018188d25910 code [0x0000018188d25bc0, 0x0000018188d26aa0]
Event: 23.356 Thread 0x00000181a01f1000 1477       3       sun.java2d.pipe.Region::getTranslatedRegion (302 bytes)
Event: 23.356 Thread 0x00000181a01f1000 nmethod 1477 0x0000018188d26e10 code [0x0000018188d27040, 0x0000018188d27bb0]
Event: 23.432 Thread 0x00000181a01f0000 1478       4       java.awt.Component::isMixingNeeded (165 bytes)
Event: 23.435 Thread 0x00000181a01f0000 nmethod 1478 0x000001818ffa8190 code [0x000001818ffa8380, 0x000001818ffa8828]
Event: 23.489 Thread 0x00000181a01f1000 1479   !   3       java.lang.ref.ReferenceQueue::enqueue (119 bytes)
Event: 23.489 Thread 0x00000181a01f1000 nmethod 1479 0x0000018188d27f10 code [0x0000018188d28100, 0x0000018188d28970]
Event: 23.489 Thread 0x00000181a01f1000 1480       3       java.lang.ref.Reference::clear (6 bytes)
Event: 23.489 Thread 0x00000181a01f1000 nmethod 1480 0x0000018188d28b10 code [0x0000018188d28cc0, 0x0000018188d28e78]
Event: 23.489 Thread 0x00000181a01f1000 1483  s    3       java.util.Hashtable::remove (133 bytes)
Event: 23.490 Thread 0x00000181a01f1000 nmethod 1483 0x0000018188d28f10 code [0x0000018188d29120, 0x0000018188d29ae0]
Event: 23.490 Thread 0x00000181a01f1000 1482       3       java.lang.ref.ReferenceQueue::reallyPoll (65 bytes)
Event: 23.490 Thread 0x00000181a01f1000 nmethod 1482 0x0000018188d29d10 code [0x0000018188d29ee0, 0x0000018188d2a498]
Event: 23.490 Thread 0x00000181a01f1000 1481   !   3       java.lang.ref.ReferenceQueue::remove (125 bytes)
Event: 23.490 Thread 0x00000181a01f1000 nmethod 1481 0x0000018188d2a590 code [0x0000018188d2a7c0, 0x0000018188d2b0c0]
Event: 23.521 Thread 0x00000181a01f0000 1484       4       sun.awt.windows.WComponentPeer::beginLayout (6 bytes)
Event: 23.521 Thread 0x00000181a01f0000 nmethod 1484 0x000001818ffa8b90 code [0x000001818ffa8d20, 0x000001818ffa8d98]
Event: 23.533 Thread 0x00000181a01f1000 1485       3       javax.vecmath.Matrix4d::transform (183 bytes)
Event: 23.533 Thread 0x00000181a01f1000 nmethod 1485 0x0000018188d2b410 code [0x0000018188d2b5c0, 0x0000018188d2b838]

GC Heap History (2 events):
Event: 23.484 GC heap before
{Heap before GC invocations=0 (full 0):
 garbage-first heap   total 260096K, used 65536K [0x0000000702400000, 0x0000000800000000)
  region size 1024K, 24 young (24576K), 0 survivors (0K)
 Metaspace       used 11965K, capacity 12235K, committed 12416K, reserved 1060864K
  class space    used 1179K, capacity 1295K, committed 1408K, reserved 1048576K
}
Event: 23.488 GC heap after
{Heap after GC invocations=1 (full 0):
 garbage-first heap   total 260096K, used 45606K [0x0000000702400000, 0x0000000800000000)
  region size 1024K, 3 young (3072K), 3 survivors (3072K)
 Metaspace       used 11965K, capacity 12235K, committed 12416K, reserved 1060864K
  class space    used 1179K, capacity 1295K, committed 1408K, reserved 1048576K
}

Deoptimization events (20 events):
Event: 0.832 Thread 0x00000181fb8b2800 DEOPT PACKING pc=0x000001818ff33b24 sp=0x00000027f59ff0c0
Event: 0.832 Thread 0x00000181fb8b2800 DEOPT UNPACKING pc=0x000001818847912f sp=0x00000027f59ff060 mode 2
Event: 0.874 Thread 0x00000181fb8b2800 Uncommon trap: trap_request=0xffffff45 fr.pc=0x000001818ff3d744 relative=0x0000000000000224
Event: 0.874 Thread 0x00000181fb8b2800 Uncommon trap: reason=unstable_if action=reinterpret pc=0x000001818ff3d744 method=java.lang.String.startsWith(Ljava/lang/String;I)Z @ 14 c2
Event: 0.874 Thread 0x00000181fb8b2800 DEOPT PACKING pc=0x000001818ff3d744 sp=0x00000027f59fe3c0
Event: 0.874 Thread 0x00000181fb8b2800 DEOPT UNPACKING pc=0x000001818847912f sp=0x00000027f59fe320 mode 2
Event: 1.014 Thread 0x00000181a01ee000 DEOPT PACKING pc=0x0000018188a272fb sp=0x00000027f63fdcc0
Event: 1.014 Thread 0x00000181a01ee000 DEOPT UNPACKING pc=0x000001818847964e sp=0x00000027f63fd130 mode 0
Event: 4.816 Thread 0x00000181a0b98800 Uncommon trap: trap_request=0xffffff45 fr.pc=0x000001818ff5c37c relative=0x00000000000001bc
Event: 4.816 Thread 0x00000181a0b98800 Uncommon trap: reason=unstable_if action=reinterpret pc=0x000001818ff5c37c method=java.security.AccessControlContext.optimize()Ljava/security/AccessControlContext; @ 207 c2
Event: 4.816 Thread 0x00000181a0b98800 DEOPT PACKING pc=0x000001818ff5c37c sp=0x00000027f75feff0
Event: 4.816 Thread 0x00000181a0b98800 DEOPT UNPACKING pc=0x000001818847912f sp=0x00000027f75fef50 mode 2
Event: 13.927 Thread 0x00000181a0b98800 Uncommon trap: trap_request=0xffffff45 fr.pc=0x000001818ff6972c relative=0x000000000000332c
Event: 13.927 Thread 0x00000181a0b98800 Uncommon trap: reason=unstable_if action=reinterpret pc=0x000001818ff6972c method=sun.awt.PostEventQueue.flush()V @ 23 c2
Event: 13.927 Thread 0x00000181a0b98800 DEOPT PACKING pc=0x000001818ff6972c sp=0x00000027f75ff150
Event: 13.927 Thread 0x00000181a0b98800 DEOPT UNPACKING pc=0x000001818847912f sp=0x00000027f75ff158 mode 2
Event: 19.825 Thread 0x00000181a0b98800 Uncommon trap: trap_request=0xffffff45 fr.pc=0x000001818ff74084 relative=0x0000000000000b84
Event: 19.825 Thread 0x00000181a0b98800 Uncommon trap: reason=unstable_if action=reinterpret pc=0x000001818ff74084 method=java.security.AccessControlContext.optimize()Ljava/security/AccessControlContext; @ 234 c2
Event: 19.825 Thread 0x00000181a0b98800 DEOPT PACKING pc=0x000001818ff74084 sp=0x00000027f75fe2c0
Event: 19.825 Thread 0x00000181a0b98800 DEOPT UNPACKING pc=0x000001818847912f sp=0x00000027f75fe278 mode 2

Classes unloaded (0 events):
No events

Classes redefined (0 events):
No events

Internal exceptions (13 events):
Event: 0.193 Thread 0x00000181fb8b2800 Exception <a 'java/lang/ClassNotFoundException'{0x0000000711c9a6e8}: sun/awt/resources/spi/awtProvider> (0x0000000711c9a6e8) 
thrown [t:/workspace/open/src/hotspot/share/classfile/systemDictionary.cpp, line 232]
Event: 0.215 Thread 0x00000181fb8b2800 Exception <a 'java/io/FileNotFoundException'{0x0000000711ce2598}> (0x0000000711ce2598) 
thrown [t:/workspace/open/src/hotspot/share/prims/jni.cpp, line 598]
Event: 0.221 Thread 0x00000181fb8b2800 Exception <a 'java/io/FileNotFoundException'{0x0000000711b09400}> (0x0000000711b09400) 
thrown [t:/workspace/open/src/hotspot/share/prims/jni.cpp, line 598]
Event: 0.418 Thread 0x00000181a0760000 Exception <a 'java/lang/NoSuchMethodError'{0x0000000711b80460}: 'void java.lang.invoke.DirectMethodHandle$Holder.invokeSpecial(java.lang.Object, java.lang.Object)'> (0x0000000711b80460) 
thrown [t:/workspace/open/src/hotspot/share/interpreter/linkResolver.cpp, line 767]
Event: 0.435 Thread 0x00000181fb8b2800 Exception <a 'java/lang/NoSuchMethodError'{0x0000000711a28400}: 'java.lang.Object java.lang.invoke.DirectMethodHandle$Holder.invokeStatic(java.lang.Object, int, java.lang.Object, java.lang.Object, java.lang.Object, java.lang.Object)'> (0x0000000711a28400) 
thrown [t:/workspace/open/src/hotspot/share/interpreter/linkResolver.cpp, line 767]
Event: 0.435 Thread 0x00000181fb8b2800 Exception <a 'java/lang/NoSuchMethodError'{0x0000000711a2ed60}: 'java.lang.Object java.lang.invoke.DirectMethodHandle$Holder.invokeStatic(java.lang.Object, int, java.lang.Object, java.lang.Object, java.lang.Object)'> (0x0000000711a2ed60) 
thrown [t:/workspace/open/src/hotspot/share/interpreter/linkResolver.cpp, line 767]
Event: 0.435 Thread 0x00000181fb8b2800 Exception <a 'java/lang/NoSuchMethodError'{0x0000000711a325c8}: 'java.lang.Object java.lang.invoke.DirectMethodHandle$Holder.invokeSpecial(java.lang.Object, java.lang.Object, int, java.lang.Object, java.lang.Object, java.lang.Object)'> (0x0000000711a325c8) 
thrown [t:/workspace/open/src/hotspot/share/interpreter/linkResolver.cpp, line 767]
Event: 0.438 Thread 0x00000181fb8b2800 Exception <a 'java/lang/NoSuchMethodError'{0x0000000711a488f0}: 'java.lang.Object java.lang.invoke.DirectMethodHandle$Holder.invokeStatic(java.lang.Object, int, java.lang.Object)'> (0x0000000711a488f0) 
thrown [t:/workspace/open/src/hotspot/share/interpreter/linkResolver.cpp, line 767]
Event: 0.461 Thread 0x00000181fb8b2800 Exception <a 'java/lang/ClassNotFoundException'{0x0000000711af1808}: com/sun/swing/internal/plaf/metal/resources/spi/metalProvider> (0x0000000711af1808) 
thrown [t:/workspace/open/src/hotspot/share/classfile/systemDictionary.cpp, line 232]
Event: 0.462 Thread 0x00000181fb8b2800 Exception <a 'java/lang/ClassNotFoundException'{0x0000000711af53c8}: com/sun/swing/internal/plaf/basic/resources/spi/basicProvider> (0x0000000711af53c8) 
thrown [t:/workspace/open/src/hotspot/share/classfile/systemDictionary.cpp, line 232]
Event: 0.832 Thread 0x00000181fb8b2800 Implicit null exception at 0x000001818ff331ce to 0x000001818ff33b0a
Event: 0.855 Thread 0x00000181fb8b2800 Exception <a 'java/lang/NoSuchMethodError'{0x000000071125e5a8}: 'void java.lang.invoke.DirectMethodHandle$Holder.invokeStaticInit(java.lang.Object)'> (0x000000071125e5a8) 
thrown [t:/workspace/open/src/hotspot/share/interpreter/linkResolver.cpp, line 767]
Event: 0.877 Thread 0x00000181fb8b2800 Exception <a 'java/lang/NoSuchMethodError'{0x000000071112fb60}: 'java.lang.Object java.lang.invoke.Invokers$Holder.linkToTargetMethod(java.lang.Object, int, java.lang.Object)'> (0x000000071112fb60) 
thrown [t:/workspace/open/src/hotspot/share/interpreter/linkResolver.cpp, line 767]

Events (20 events):
Event: 4.783 Executing VM operation: RevokeBias
Event: 4.783 Executing VM operation: RevokeBias done
Event: 4.783 Executing VM operation: RevokeBias
Event: 4.783 Executing VM operation: RevokeBias done
Event: 4.783 loading class java/applet/Applet
Event: 4.785 loading class java/awt/Panel
Event: 4.785 loading class java/awt/Panel done
Event: 4.785 loading class java/applet/Applet done
Event: 4.786 Executing VM operation: RevokeBias
Event: 4.786 Executing VM operation: RevokeBias done
Event: 4.786 Executing VM operation: RevokeBias
Event: 4.786 Executing VM operation: RevokeBias done
Event: 4.789 Executing VM operation: RevokeBias
Event: 4.789 Executing VM operation: RevokeBias done
Event: 4.795 loading class sun/java2d/opengl/OGLSurfaceData
Event: 4.795 loading class sun/java2d/opengl/OGLSurfaceData done
Event: 8.446 loading class java/security/DomainCombiner
Event: 8.446 loading class java/security/DomainCombiner done
Event: 23.484 Executing VM operation: G1CollectForAllocation
Event: 23.488 Executing VM operation: G1CollectForAllocation done


Dynamic libraries:
0x00007ff7a4390000 - 0x00007ff7a439f000 	C:\Program Files\Java\jdk-13\bin\java.exe
0x00007ffdb5120000 - 0x00007ffdb5310000 	C:\WINDOWS\SYSTEM32\ntdll.dll
0x00007ffdb39f0000 - 0x00007ffdb3aa2000 	C:\WINDOWS\System32\KERNEL32.DLL
0x00007ffdb2150000 - 0x00007ffdb23f4000 	C:\WINDOWS\System32\KERNELBASE.dll
0x00007ffdb30d0000 - 0x00007ffdb31ca000 	C:\WINDOWS\System32\ucrtbase.dll
0x00007ffd8d800000 - 0x00007ffd8d818000 	C:\Program Files\Java\jdk-13\bin\jli.dll
0x00007ffd835d0000 - 0x00007ffd835e5000 	C:\Program Files\Java\jdk-13\bin\VCRUNTIME140.dll
0x00007ffdb48e0000 - 0x00007ffdb4983000 	C:\WINDOWS\System32\ADVAPI32.dll
0x00007ffdb3ab0000 - 0x00007ffdb3b4e000 	C:\WINDOWS\System32\msvcrt.dll
0x00007ffdb3630000 - 0x00007ffdb36c7000 	C:\WINDOWS\System32\sechost.dll
0x00007ffdb36d0000 - 0x00007ffdb37f0000 	C:\WINDOWS\System32\RPCRT4.dll
0x00007ffdb3b50000 - 0x00007ffdb3ce4000 	C:\WINDOWS\System32\USER32.dll
0x00007ffda05a0000 - 0x00007ffda0824000 	C:\WINDOWS\WinSxS\amd64_microsoft.windows.common-controls_6595b64144ccf1df_6.0.18362.836_none_e6c4b943130f18ed\COMCTL32.dll
0x00007ffdb3020000 - 0x00007ffdb3041000 	C:\WINDOWS\System32\win32u.dll
0x00007ffdb32f0000 - 0x00007ffdb3626000 	C:\WINDOWS\System32\combase.dll
0x00007ffdb31d0000 - 0x00007ffdb31f6000 	C:\WINDOWS\System32\GDI32.dll
0x00007ffdb2f20000 - 0x00007ffdb2fa0000 	C:\WINDOWS\System32\bcryptPrimitives.dll
0x00007ffdb2cd0000 - 0x00007ffdb2e64000 	C:\WINDOWS\System32\gdi32full.dll
0x00007ffdb20b0000 - 0x00007ffdb214e000 	C:\WINDOWS\System32\msvcp_win.dll
0x00007ffdb0190000 - 0x00007ffdb019a000 	C:\WINDOWS\SYSTEM32\VERSION.dll
0x00007ffdb4730000 - 0x00007ffdb475e000 	C:\WINDOWS\System32\IMM32.DLL
0x00007ffd7a580000 - 0x00007ffd7a61b000 	C:\Program Files\Java\jdk-13\bin\msvcp140.dll
0x00007ffd43530000 - 0x00007ffd44096000 	C:\Program Files\Java\jdk-13\bin\server\jvm.dll
0x00007ffdb4450000 - 0x00007ffdb4458000 	C:\WINDOWS\System32\PSAPI.DLL
0x00007ffd9aee0000 - 0x00007ffd9aee9000 	C:\WINDOWS\SYSTEM32\WSOCK32.dll
0x00007ffda8160000 - 0x00007ffda8184000 	C:\WINDOWS\SYSTEM32\WINMM.dll
0x00007ffdb4870000 - 0x00007ffdb48df000 	C:\WINDOWS\System32\WS2_32.dll
0x00007ffda8130000 - 0x00007ffda815d000 	C:\WINDOWS\SYSTEM32\WINMMBASE.dll
0x00007ffdb2fa0000 - 0x00007ffdb2fea000 	C:\WINDOWS\System32\cfgmgr32.dll
0x00007ffdb1ff0000 - 0x00007ffdb2001000 	C:\WINDOWS\System32\kernel.appcore.dll
0x00007ffdaaf60000 - 0x00007ffdaaf70000 	C:\Program Files\Java\jdk-13\bin\verify.dll
0x00007ffdab8f0000 - 0x00007ffdabae4000 	C:\WINDOWS\SYSTEM32\DBGHELP.DLL
0x00007ffdaafd0000 - 0x00007ffdaaffa000 	C:\WINDOWS\SYSTEM32\dbgcore.DLL
0x00007ffd835a0000 - 0x00007ffd835c6000 	C:\Program Files\Java\jdk-13\bin\java.dll
0x00007ffdaadc0000 - 0x00007ffdaadce000 	C:\Program Files\Java\jdk-13\bin\instrument.dll
0x00007ffd81400000 - 0x00007ffd81417000 	C:\Program Files\Java\jdk-13\bin\zip.dll
0x00007ffdaad90000 - 0x00007ffdaad9a000 	C:\Program Files\Java\jdk-13\bin\jimage.dll
0x00007ffdb49f0000 - 0x00007ffdb50d4000 	C:\WINDOWS\System32\SHELL32.dll
0x00007ffdb47c0000 - 0x00007ffdb4869000 	C:\WINDOWS\System32\shcore.dll
0x00007ffdb2400000 - 0x00007ffdb2b7e000 	C:\WINDOWS\System32\windows.storage.dll
0x00007ffdb2060000 - 0x00007ffdb2083000 	C:\WINDOWS\System32\profapi.dll
0x00007ffdb2010000 - 0x00007ffdb205a000 	C:\WINDOWS\System32\powrprof.dll
0x00007ffdb1fe0000 - 0x00007ffdb1ff0000 	C:\WINDOWS\System32\UMPDC.dll
0x00007ffdb4990000 - 0x00007ffdb49e2000 	C:\WINDOWS\System32\shlwapi.dll
0x00007ffdb30b0000 - 0x00007ffdb30c7000 	C:\WINDOWS\System32\cryptsp.dll
0x00007ffd813e0000 - 0x00007ffd813f9000 	C:\Program Files\Java\jdk-13\bin\net.dll
0x00007ffdad3b0000 - 0x00007ffdad4a0000 	C:\WINDOWS\SYSTEM32\WINHTTP.dll
0x00007ffdaa130000 - 0x00007ffdaa306000 	C:\WINDOWS\SYSTEM32\urlmon.dll
0x00007ffda0830000 - 0x00007ffda0ad6000 	C:\WINDOWS\SYSTEM32\iertutil.dll
0x00007ffdb1a20000 - 0x00007ffdb1a2c000 	C:\WINDOWS\SYSTEM32\CRYPTBASE.DLL
0x00007ffdb1850000 - 0x00007ffdb18b7000 	C:\WINDOWS\system32\mswsock.dll
0x00007ffd801b0000 - 0x00007ffd801c3000 	C:\Program Files\Java\jdk-13\bin\nio.dll
0x00007ffd7fa90000 - 0x00007ffd7faaa000 	C:\Users\amazi\AppData\Local\JetBrains\Toolbox\apps\IDEA-C\ch-0\193.6911.18\bin\breakgen64.dll
0x00007ffd65200000 - 0x00007ffd65399000 	C:\Program Files\Java\jdk-13\bin\awt.dll
0x00007ffdb37f0000 - 0x00007ffdb38b4000 	C:\WINDOWS\System32\OLEAUT32.dll
0x00007ffdaebf0000 - 0x00007ffdaf1b0000 	C:\WINDOWS\SYSTEM32\d2d1.dll
0x00007ffdb00b0000 - 0x00007ffdb013f000 	C:\WINDOWS\SYSTEM32\apphelp.dll
0x00007ffdb0350000 - 0x00007ffdb03e9000 	C:\WINDOWS\system32\uxtheme.dll
0x00007ffdb4480000 - 0x00007ffdb45b6000 	C:\WINDOWS\System32\MSCTF.dll
0x00007ffd9dce0000 - 0x00007ffd9dddb000 	C:\ProgramData\A-Volute\A-Volute.28054DF1F58B4\Modules\ScheduledModules\x64\A-Volute.SonicRadar3DevProps2.dll
0x00007ffdb45c0000 - 0x00007ffdb4717000 	C:\WINDOWS\System32\ole32.dll
0x00007ffd9dde0000 - 0x00007ffd9de8d000 	C:\ProgramData\A-Volute\A-Volute.28054DF1F58B4\Modules\ScheduledModules\x64\NahimicOSD.dll
0x00007ffdaa510000 - 0x00007ffdaa530000 	C:\ProgramData\A-Volute\A-Volute.28054DF1F58B4\Modules\ScheduledModules\x64\ProductInfo.dll
0x00007ffd89950000 - 0x00007ffd89a4b000 	C:\ProgramData\A-Volute\A-Volute.SonicStudio3\Modules\ScheduledModules\x64\A-Volute.SonicStudio3DevProps2.dll
0x00007ffdb0890000 - 0x00007ffdb08bd000 	C:\WINDOWS\system32\DWMAPI.DLL
0x00007ffda83d0000 - 0x00007ffda83d7000 	C:\Program Files\Java\jdk-13\bin\jawt.dll
0x0000000010000000 - 0x000000001003e000 	C:\Users\amazi\Documents\Java libraries\j3d-1_5_2-windows-amd64\j3d-1_5_2-windows-amd64\j3d-jre\bin\j3dcore-ogl.dll
0x00007ffda0c30000 - 0x00007ffda0d86000 	C:\WINDOWS\SYSTEM32\OPENGL32.dll
0x00007ffda9780000 - 0x00007ffda97ac000 	C:\WINDOWS\SYSTEM32\GLU32.dll
0x00007ffdb0cc0000 - 0x00007ffdb0ce0000 	C:\WINDOWS\SYSTEM32\dxcore.dll
0x00007ffd29a00000 - 0x00007ffd2a8b0000 	C:\WINDOWS\System32\DriverStore\FileRepository\iigd_dch.inf_amd64_e4d2a56faad3ef82\ig9icd64.dll
0x00007ffdb0ce0000 - 0x00007ffdb0dcb000 	C:\WINDOWS\system32\dxgi.dll
0x00007ffda2080000 - 0x00007ffda4045000 	C:\WINDOWS\System32\DriverStore\FileRepository\iigd_dch.inf_amd64_e4d2a56faad3ef82\igc64.dll
0x00007ffd72180000 - 0x00007ffd72202000 	C:\Program Files\Java\jdk-13\bin\freetype.dll
0x00007ffd6cf60000 - 0x00007ffd6d006000 	C:\Program Files\Java\jdk-13\bin\fontmanager.dll
0x00007ffda0b90000 - 0x00007ffda0c2e000 	C:\WINDOWS\System32\TextInputFramework.dll
0x00007ffdafdc0000 - 0x00007ffdafe94000 	C:\WINDOWS\System32\CoreMessaging.dll
0x00007ffda6fe0000 - 0x00007ffda730a000 	C:\WINDOWS\System32\CoreUIComponents.dll
0x00007ffdb1040000 - 0x00007ffdb1071000 	C:\WINDOWS\SYSTEM32\ntmarta.dll
0x00007ffdae300000 - 0x00007ffdae453000 	C:\WINDOWS\SYSTEM32\wintypes.dll
0x00007ffda4090000 - 0x00007ffda41aa000 	C:\WINDOWS\System32\DriverStore\FileRepository\iigd_dch.inf_amd64_e4d2a56faad3ef82\igdgmm64.dll
0x00007ffda8790000 - 0x00007ffda8957000 	C:\WINDOWS\SYSTEM32\d3d9.dll
0x00007ffd59790000 - 0x00007ffd5d112000 	C:\WINDOWS\System32\DriverStore\FileRepository\iigd_dch.inf_amd64_e4d2a56faad3ef82\igd9dxva64.dll

dbghelp: loaded successfully - version: 4.0.5 - missing functions: none
symbol engine: initialized successfully - sym options: 0x614 - pdb path: .;C:\Program Files\Java\jdk-13\bin;C:\WINDOWS\SYSTEM32;C:\WINDOWS\WinSxS\amd64_microsoft.windows.common-controls_6595b64144ccf1df_6.0.18362.836_none_e6c4b943130f18ed;C:\Program Files\Java\jdk-13\bin\server;C:\Users\amazi\AppData\Local\JetBrains\Toolbox\apps\IDEA-C\ch-0\193.6911.18\bin;C:\ProgramData\A-Volute\A-Volute.28054DF1F58B4\Modules\ScheduledModules\x64;C:\ProgramData\A-Volute\A-Volute.SonicStudio3\Modules\ScheduledModules\x64;C:\Users\amazi\Documents\Java libraries\j3d-1_5_2-windows-amd64\j3d-1_5_2-windows-amd64\j3d-jre\bin;C:\WINDOWS\System32\DriverStore\FileRepository\iigd_dch.inf_amd64_e4d2a56faad3ef82

VM Arguments:
jvm_args: -Djava.library.path=C:\Users\amazi\Documents\Java libraries\j3d-1_5_2-windows-amd64\j3d-1_5_2-windows-amd64\j3d-jre\bin -javaagent:C:\Users\amazi\AppData\Local\JetBrains\Toolbox\apps\IDEA-C\ch-0\193.6911.18\lib\idea_rt.jar=62171:C:\Users\amazi\AppData\Local\JetBrains\Toolbox\apps\IDEA-C\ch-0\193.6911.18\bin -Dfile.encoding=UTF-8 
java_command: com.company.ThreeDimensionSystem
java_class_path (initial): C:\Users\amazi\Desktop\Eclipse und IntelliJ Projekte\LA&CGProject\out\production\LA&CGProject;C:\Users\amazi\.m2\repository\org\junit\jupiter\junit-jupiter\5.4.2\junit-jupiter-5.4.2.jar;C:\Users\amazi\.m2\repository\org\junit\jupiter\junit-jupiter-api\5.4.2\junit-jupiter-api-5.4.2.jar;C:\Users\amazi\.m2\repository\org\apiguardian\apiguardian-api\1.0.0\apiguardian-api-1.0.0.jar;C:\Users\amazi\.m2\repository\org\opentest4j\opentest4j\1.1.1\opentest4j-1.1.1.jar;C:\Users\amazi\.m2\repository\org\junit\platform\junit-platform-commons\1.4.2\junit-platform-commons-1.4.2.jar;C:\Users\amazi\.m2\repository\org\junit\jupiter\junit-jupiter-params\5.4.2\junit-jupiter-params-5.4.2.jar;C:\Users\amazi\.m2\repository\org\junit\jupiter\junit-jupiter-engine\5.4.2\junit-jupiter-engine-5.4.2.jar;C:\Users\amazi\.m2\repository\org\junit\platform\junit-platform-engine\1.4.2\junit-platform-engine-1.4.2.jar;C:\Users\amazi\Documents\Java libraries\j3d-1_5_2-windows-amd64\j3d-1_5_2-windows-amd64\j3d-jre\lib\ext\j3dcore.jar;C:\Users\amazi\Documents\Java libraries\j3d-1_5_2-windows-amd64\j3d-1_5_2-windows-amd64\j3d-jre\lib\ext\j3dutils.jar;C:\Users\amazi\Documents\Java libraries\j3d-1_5_2-windows-amd64\j3d-1_5_2-windows-amd64\j3d-jre\lib\ext\vecmath.jar
Launcher Type: SUN_STANDARD

[Global flags]
     intx CICompilerCount                          = 4                                         {product} {ergonomic}
     uint ConcGCThreads                            = 3                                         {product} {ergonomic}
     uint G1ConcRefinementThreads                  = 10                                        {product} {ergonomic}
   size_t G1HeapRegionSize                         = 1048576                                   {product} {ergonomic}
    uintx GCDrainStackTargetSize                   = 64                                        {product} {ergonomic}
   size_t InitialHeapSize                          = 266338304                                 {product} {ergonomic}
   size_t MarkStackSize                            = 4194304                                   {product} {ergonomic}
   size_t MaxHeapSize                              = 4257218560                                {product} {ergonomic}
   size_t MaxNewSize                               = 2554331136                                {product} {ergonomic}
   size_t MinHeapDeltaBytes                        = 1048576                                   {product} {ergonomic}
   size_t MinHeapSize                              = 8388608                                   {product} {ergonomic}
    uintx NonNMethodCodeHeapSize                   = 5836300                                {pd product} {ergonomic}
    uintx NonProfiledCodeHeapSize                  = 122910970                              {pd product} {ergonomic}
    uintx ProfiledCodeHeapSize                     = 122910970                              {pd product} {ergonomic}
    uintx ReservedCodeCacheSize                    = 251658240                              {pd product} {ergonomic}
     bool SegmentedCodeCache                       = true                                      {product} {ergonomic}
   size_t SoftMaxHeapSize                          = 4257218560                             {manageable} {ergonomic}
     bool UseCompressedClassPointers               = true                                 {lp64_product} {ergonomic}
     bool UseCompressedOops                        = true                                 {lp64_product} {ergonomic}
     bool UseG1GC                                  = true                                      {product} {ergonomic}
     bool UseLargePagesIndividualAllocation        = false                                  {pd product} {ergonomic}

Logging:
Log output configuration:
 #0: stdout all=warning uptime,level,tags
 #1: stderr all=off uptime,level,tags

Environment Variables:
JAVA_HOME=C:\Program Files\Java\jdk-13
CLASSPATH=.;C:\Program Files (x86)\QuickTime\QTSystem\QTJava.zip
PATH=C:\Program Files (x86)\Common Files\Oracle\Java\javapath;C:\Program Files (x86)\Intel\Intel(R) Management Engine Components\iCLS\;C:\Program Files\Intel\Intel(R) Management Engine Components\iCLS\;C:\Windows\system32;C:\Windows;C:\Windows\System32\Wbem;C:\Windows\System32\WindowsPowerShell\v1.0\;C:\Windows\System32\OpenSSH\;C:\Program Files (x86)\NVIDIA Corporation\PhysX\Common;C:\Program Files (x86)\Intel\Intel(R) Management Engine Components\DAL;C:\Program Files\Intel\Intel(R) Management Engine Components\DAL;C:\Program Files (x86)\QuickTime\QTSystem\;C:\Program Files\NVIDIA Corporation\NVIDIA NvDLISR;C:\Program Files\Intel\WiFi\bin\;C:\Program Files\Common Files\Intel\WirelessCommon\;C:\Program Files\Java\jdk-13\bin;C:\WINDOWS\system32;C:\WINDOWS;C:\WINDOWS\System32\Wbem;C:\WINDOWS\System32\WindowsPowerShell\v1.0\;C:\WINDOWS\System32\OpenSSH\;C:\Program Files\Java\jdk-13\bin;C:\Program Files\TortoiseGit\bin;C:\Program Files\MATLAB\R2019b\runtime\win64;C:\Program Files\MATLAB\R2019b\bin;C:\Program Files\Git\cmd;C:\Gradle\gradle-6.2.2-all\gradle-6.2.2\bin;C:\Users\amazi\AppData\Local\Microsoft\WindowsApps;C:\Users\amazi\AppData\Local\atom\bin;C:\Users\amazi\AppData\Local\Programs\Microsoft VS Code\bin
USERNAME=amazi
OS=Windows_NT
PROCESSOR_IDENTIFIER=Intel64 Family 6 Model 158 Stepping 10, GenuineIntel



---------------  S Y S T E M  ---------------

OS: Windows 10 , 64 bit Build 18362 (10.0.18362.778)

CPU:total 12 (initial active 12) (6 cores per cpu, 2 threads per core) family 6 model 158 stepping 10, cmov, cx8, fxsr, mmx, sse, sse2, sse3, ssse3, sse4.1, sse4.2, popcnt, avx, avx2, aes, clmul, erms, 3dnowpref, lzcnt, ht, tsc, tscinvbit, bmi1, bmi2, adx, fma

Memory: 4k page, system-wide physical 16233M (7909M free)
TotalPageFile size 18665M (AvailPageFile size 5607M)
current process WorkingSet (physical memory assigned to process): 290M, peak: 311M
current process commit charge ("private bytes"): 522M, peak: 536M

vm_info: Java HotSpot(TM) 64-Bit Server VM (13+33) for windows-amd64 JRE (13+33), built on Sep 18 2019 21:38:00 by "mach5one" with unknown MS VC++:1916

END.
